[03-Apr-2018 23:33:52] NOTICE: fpm is running, pid 14
[03-Apr-2018 23:33:52] NOTICE: ready to handle connections
[04-Apr-2018 03:39:26] NOTICE: Terminating ...
[04-Apr-2018 03:39:26] NOTICE: exiting, bye-bye!
[04-Apr-2018 19:13:08] NOTICE: fpm is running, pid 25
[04-Apr-2018 19:13:08] NOTICE: ready to handle connections
[05-Apr-2018 04:27:10] NOTICE: Terminating ...
[05-Apr-2018 04:27:10] NOTICE: exiting, bye-bye!
[05-Apr-2018 04:31:53] NOTICE: fpm is running, pid 25
[05-Apr-2018 04:31:53] NOTICE: ready to handle connections
[05-Apr-2018 05:56:54] NOTICE: Terminating ...
[05-Apr-2018 05:56:54] NOTICE: exiting, bye-bye!
[06-Apr-2018 16:16:27] NOTICE: fpm is running, pid 25
[06-Apr-2018 16:16:27] NOTICE: ready to handle connections
[06-Apr-2018 22:01:04] NOTICE: Terminating ...
[06-Apr-2018 22:01:04] NOTICE: exiting, bye-bye!
[07-Apr-2018 19:18:23] NOTICE: fpm is running, pid 26
[07-Apr-2018 19:18:23] NOTICE: ready to handle connections
[07-Apr-2018 23:01:32] NOTICE: Terminating ...
[07-Apr-2018 23:01:32] NOTICE: exiting, bye-bye!
[09-Apr-2018 19:30:11] NOTICE: fpm is running, pid 26
[09-Apr-2018 19:30:11] NOTICE: ready to handle connections
[09-Apr-2018 19:30:23] NOTICE: Terminating ...
[09-Apr-2018 19:30:23] NOTICE: exiting, bye-bye!
[09-Apr-2018 19:30:33] NOTICE: fpm is running, pid 25
[09-Apr-2018 19:30:33] NOTICE: ready to handle connections
[10-Apr-2018 00:10:33] NOTICE: Terminating ...
[10-Apr-2018 00:10:33] NOTICE: exiting, bye-bye!
[10-Apr-2018 20:04:06] NOTICE: fpm is running, pid 26
[10-Apr-2018 20:04:06] NOTICE: ready to handle connections
[10-Apr-2018 20:05:34] NOTICE: Terminating ...
[10-Apr-2018 20:05:34] NOTICE: exiting, bye-bye!
[10-Apr-2018 20:05:42] NOTICE: fpm is running, pid 30
[10-Apr-2018 20:05:42] NOTICE: ready to handle connections
[10-Apr-2018 20:06:01] NOTICE: Terminating ...
[10-Apr-2018 20:06:01] NOTICE: exiting, bye-bye!
[10-Apr-2018 20:06:12] NOTICE: fpm is running, pid 30
[10-Apr-2018 20:06:12] NOTICE: ready to handle connections
[10-Apr-2018 22:19:08] NOTICE: Terminating ...
[10-Apr-2018 22:19:08] NOTICE: exiting, bye-bye!
[11-Apr-2018 21:26:06] NOTICE: fpm is running, pid 25
[11-Apr-2018 21:26:06] NOTICE: ready to handle connections
[11-Apr-2018 22:22:10] NOTICE: Terminating ...
[11-Apr-2018 22:22:10] NOTICE: exiting, bye-bye!
[13-Apr-2018 21:35:54] NOTICE: fpm is running, pid 25
[13-Apr-2018 21:35:54] NOTICE: ready to handle connections
[13-Apr-2018 22:15:30] NOTICE: Terminating ...
[13-Apr-2018 22:15:30] NOTICE: exiting, bye-bye!
[15-Apr-2018 23:07:11] NOTICE: fpm is running, pid 26
[15-Apr-2018 23:07:11] NOTICE: ready to handle connections
[16-Apr-2018 02:46:46] NOTICE: Terminating ...
[16-Apr-2018 02:46:46] NOTICE: exiting, bye-bye!
[16-Apr-2018 02:46:52] NOTICE: fpm is running, pid 25
[16-Apr-2018 02:46:52] NOTICE: ready to handle connections
[16-Apr-2018 03:44:49] NOTICE: Terminating ...
[16-Apr-2018 03:44:49] NOTICE: exiting, bye-bye!
[16-Apr-2018 22:11:40] NOTICE: fpm is running, pid 25
[16-Apr-2018 22:11:40] NOTICE: ready to handle connections
[17-Apr-2018 04:40:22] NOTICE: Terminating ...
[17-Apr-2018 04:40:22] NOTICE: exiting, bye-bye!
[20-Apr-2018 03:46:44] NOTICE: fpm is running, pid 25
[20-Apr-2018 03:46:44] NOTICE: ready to handle connections
[20-Apr-2018 21:37:28] NOTICE: fpm is running, pid 8
[20-Apr-2018 21:37:28] NOTICE: ready to handle connections
[21-Apr-2018 00:56:50] NOTICE: Terminating ...
[21-Apr-2018 00:56:50] NOTICE: exiting, bye-bye!
[21-Apr-2018 22:54:05] NOTICE: fpm is running, pid 28
[21-Apr-2018 22:54:05] NOTICE: ready to handle connections
[21-Apr-2018 23:43:52] NOTICE: Terminating ...
[21-Apr-2018 23:43:52] NOTICE: exiting, bye-bye!
[21-Apr-2018 23:44:28] NOTICE: fpm is running, pid 25
[21-Apr-2018 23:44:28] NOTICE: ready to handle connections
[21-Apr-2018 23:50:08] NOTICE: Terminating ...
[21-Apr-2018 23:50:08] NOTICE: exiting, bye-bye!
[22-Apr-2018 05:13:11] NOTICE: fpm is running, pid 26
[22-Apr-2018 05:13:11] NOTICE: ready to handle connections
[22-Apr-2018 06:27:49] NOTICE: Terminating ...
[22-Apr-2018 06:27:49] NOTICE: exiting, bye-bye!
[22-Apr-2018 23:05:48] NOTICE: fpm is running, pid 25
[22-Apr-2018 23:05:48] NOTICE: ready to handle connections
[23-Apr-2018 00:00:43] NOTICE: Terminating ...
[23-Apr-2018 00:00:43] NOTICE: exiting, bye-bye!
[23-Apr-2018 19:36:31] NOTICE: fpm is running, pid 25
[23-Apr-2018 19:36:31] NOTICE: ready to handle connections
[24-Apr-2018 03:55:58] NOTICE: Terminating ...
[24-Apr-2018 03:55:58] NOTICE: exiting, bye-bye!
[25-Apr-2018 00:12:02] NOTICE: fpm is running, pid 25
[25-Apr-2018 00:12:02] NOTICE: ready to handle connections
[25-Apr-2018 03:20:17] NOTICE: Terminating ...
[25-Apr-2018 03:20:17] NOTICE: exiting, bye-bye!
[27-Apr-2018 23:24:44] NOTICE: fpm is running, pid 26
[27-Apr-2018 23:24:44] NOTICE: ready to handle connections
[28-Apr-2018 02:57:58] NOTICE: Terminating ...
[28-Apr-2018 02:57:58] NOTICE: exiting, bye-bye!
[01-May-2018 01:00:26] NOTICE: fpm is running, pid 25
[01-May-2018 01:00:26] NOTICE: ready to handle connections
[01-May-2018 02:04:13] NOTICE: Terminating ...
[01-May-2018 02:04:13] NOTICE: exiting, bye-bye!
[01-May-2018 21:46:31] NOTICE: fpm is running, pid 25
[01-May-2018 21:46:31] NOTICE: ready to handle connections
[01-May-2018 22:29:06] NOTICE: Terminating ...
[01-May-2018 22:29:06] NOTICE: exiting, bye-bye!
[02-May-2018 18:34:51] NOTICE: fpm is running, pid 25
[02-May-2018 18:34:51] NOTICE: ready to handle connections
[08-May-2018 02:56:49] NOTICE: fpm is running, pid 8
[08-May-2018 02:56:49] NOTICE: ready to handle connections
[10-May-2018 16:20:55] NOTICE: fpm is running, pid 8
[10-May-2018 16:20:55] NOTICE: ready to handle connections
[10-May-2018 17:05:58] NOTICE: Terminating ...
[10-May-2018 17:05:58] NOTICE: exiting, bye-bye!
[12-May-2018 19:40:57] NOTICE: fpm is running, pid 25
[12-May-2018 19:40:57] NOTICE: ready to handle connections
[12-May-2018 20:16:57] NOTICE: Terminating ...
[12-May-2018 20:16:57] NOTICE: exiting, bye-bye!
[12-May-2018 20:49:40] NOTICE: fpm is running, pid 25
[12-May-2018 20:49:40] NOTICE: ready to handle connections
[13-May-2018 00:19:46] NOTICE: Terminating ...
[13-May-2018 00:19:46] NOTICE: exiting, bye-bye!
[13-May-2018 21:51:05] NOTICE: fpm is running, pid 25
[13-May-2018 21:51:05] NOTICE: ready to handle connections
[13-May-2018 22:39:43] NOTICE: Terminating ...
[13-May-2018 22:39:43] NOTICE: exiting, bye-bye!
[18-May-2018 17:33:10] NOTICE: fpm is running, pid 26
[18-May-2018 17:33:10] NOTICE: ready to handle connections
[18-May-2018 19:57:36] NOTICE: Terminating ...
[18-May-2018 19:57:36] NOTICE: exiting, bye-bye!
[21-May-2018 18:42:43] NOTICE: fpm is running, pid 26
[21-May-2018 18:42:43] NOTICE: ready to handle connections
[21-May-2018 19:39:58] NOTICE: Terminating ...
[21-May-2018 19:39:58] NOTICE: exiting, bye-bye!
[24-May-2018 04:50:30] NOTICE: fpm is running, pid 26
[24-May-2018 04:50:30] NOTICE: ready to handle connections
[24-May-2018 06:35:08] NOTICE: Terminating ...
[24-May-2018 06:35:08] NOTICE: exiting, bye-bye!
[24-May-2018 22:38:48] NOTICE: fpm is running, pid 26
[24-May-2018 22:38:48] NOTICE: ready to handle connections
[25-May-2018 02:16:53] NOTICE: Terminating ...
[25-May-2018 02:16:53] NOTICE: exiting, bye-bye!
[26-May-2018 22:51:33] NOTICE: fpm is running, pid 8
[26-May-2018 22:51:33] NOTICE: ready to handle connections
[27-May-2018 00:01:25] NOTICE: Terminating ...
[27-May-2018 00:01:25] NOTICE: exiting, bye-bye!
[28-May-2018 20:40:34] NOTICE: fpm is running, pid 25
[28-May-2018 20:40:34] NOTICE: ready to handle connections
[29-May-2018 00:27:59] NOTICE: Terminating ...
[29-May-2018 00:28:00] NOTICE: exiting, bye-bye!
[30-May-2018 22:12:15] NOTICE: fpm is running, pid 25
[30-May-2018 22:12:15] NOTICE: ready to handle connections
[30-May-2018 22:17:27] NOTICE: Terminating ...
[30-May-2018 22:17:27] NOTICE: exiting, bye-bye!
[30-May-2018 22:17:36] NOTICE: fpm is running, pid 25
[30-May-2018 22:17:36] NOTICE: ready to handle connections
[30-May-2018 22:41:01] NOTICE: Terminating ...
[30-May-2018 22:41:01] NOTICE: exiting, bye-bye!
[31-May-2018 04:40:12] NOTICE: fpm is running, pid 25
[31-May-2018 04:40:12] NOTICE: ready to handle connections
[31-May-2018 05:32:23] NOTICE: Terminating ...
[31-May-2018 05:32:23] NOTICE: exiting, bye-bye!
[01-Jun-2018 18:49:53] NOTICE: fpm is running, pid 25
[01-Jun-2018 18:49:53] NOTICE: ready to handle connections
[01-Jun-2018 19:23:16] NOTICE: Terminating ...
[01-Jun-2018 19:23:16] NOTICE: exiting, bye-bye!
[08-Jun-2018 04:02:32] NOTICE: fpm is running, pid 25
[08-Jun-2018 04:02:32] NOTICE: ready to handle connections
[08-Jun-2018 04:42:49] NOTICE: Terminating ...
[08-Jun-2018 04:42:49] NOTICE: exiting, bye-bye!
[08-Jun-2018 18:37:29] NOTICE: fpm is running, pid 27
[08-Jun-2018 18:37:29] NOTICE: ready to handle connections
[08-Jun-2018 19:47:11] NOTICE: Terminating ...
[08-Jun-2018 19:47:11] NOTICE: exiting, bye-bye!
[13-Jun-2018 03:38:10] NOTICE: fpm is running, pid 25
[13-Jun-2018 03:38:10] NOTICE: ready to handle connections
[13-Jun-2018 04:59:27] NOTICE: Terminating ...
[13-Jun-2018 04:59:27] NOTICE: exiting, bye-bye!
[21-Jun-2018 04:52:48] NOTICE: fpm is running, pid 25
[21-Jun-2018 04:52:48] NOTICE: ready to handle connections
[21-Jun-2018 06:34:21] NOTICE: Terminating ...
[21-Jun-2018 06:34:21] NOTICE: exiting, bye-bye!
[24-Jun-2018 05:57:47] NOTICE: fpm is running, pid 25
[24-Jun-2018 05:57:47] NOTICE: ready to handle connections
[24-Jun-2018 06:27:57] NOTICE: Terminating ...
[24-Jun-2018 06:27:57] NOTICE: exiting, bye-bye!
[28-Jun-2018 12:22:21] NOTICE: fpm is running, pid 26
[28-Jun-2018 12:22:21] NOTICE: ready to handle connections
[28-Jun-2018 13:10:29] NOTICE: Terminating ...
[28-Jun-2018 13:10:29] NOTICE: exiting, bye-bye!
[03-Jul-2018 10:55:26] NOTICE: fpm is running, pid 26
[03-Jul-2018 10:55:26] NOTICE: ready to handle connections
[03-Jul-2018 13:58:06] NOTICE: Terminating ...
[03-Jul-2018 13:58:06] NOTICE: exiting, bye-bye!
[18-Jul-2018 16:32:08] NOTICE: fpm is running, pid 26
[18-Jul-2018 16:32:08] NOTICE: ready to handle connections
[19-Jul-2018 09:08:12] NOTICE: fpm is running, pid 8
[19-Jul-2018 09:08:12] NOTICE: ready to handle connections
[20-Jul-2018 13:14:51] NOTICE: fpm is running, pid 8
[20-Jul-2018 13:14:51] NOTICE: ready to handle connections
